  tetris.c
c:\users\data\desktop\c언어\tetris\tetris\tetris.c(124): warning C4244: '함수': 'time_t'에서 'unsigned int'(으)로 변환하면서 데이터가 손실될 수 있습니다.
c:\users\data\desktop\c언어\tetris\tetris\tetris.c(443): warning C4098: 'key_check': 'void' 함수에서 값을 반환하고 있습니다.
c:\users\data\desktop\c언어\tetris\tetris\tetris.c(404): warning C4996: 'kbhit': The POSIX name for this item is deprecated. Instead, use the ISO C and C++ conformant name: _kbhit. See online help for details.
  c:\program files (x86)\windows kits\10\include\10.0.17763.0\ucrt\conio.h(459): note: 'kbhit' 선언을 참조하십시오.
c:\users\data\desktop\c언어\tetris\tetris\tetris.c(405): warning C4996: 'getch': The POSIX name for this item is deprecated. Instead, use the ISO C and C++ conformant name: _getch. See online help for details.
  c:\program files (x86)\windows kits\10\include\10.0.17763.0\ucrt\conio.h(453): note: 'getch' 선언을 참조하십시오.
c:\users\data\desktop\c언어\tetris\tetris\tetris.c(407): warning C4996: 'getch': The POSIX name for this item is deprecated. Instead, use the ISO C and C++ conformant name: _getch. See online help for details.
  c:\program files (x86)\windows kits\10\include\10.0.17763.0\ucrt\conio.h(453): note: 'getch' 선언을 참조하십시오.
c:\users\data\desktop\c언어\tetris\tetris\tetris.c(466): warning C4996: 'kbhit': The POSIX name for this item is deprecated. Instead, use the ISO C and C++ conformant name: _kbhit. See online help for details.
  c:\program files (x86)\windows kits\10\include\10.0.17763.0\ucrt\conio.h(459): note: 'kbhit' 선언을 참조하십시오.
c:\users\data\desktop\c언어\tetris\tetris\tetris.c(503): warning C4996: 'kbhit': The POSIX name for this item is deprecated. Instead, use the ISO C and C++ conformant name: _kbhit. See online help for details.
  c:\program files (x86)\windows kits\10\include\10.0.17763.0\ucrt\conio.h(459): note: 'kbhit' 선언을 참조하십시오.
c:\users\data\desktop\c언어\tetris\tetris\tetris.c(504): warning C4996: 'getch': The POSIX name for this item is deprecated. Instead, use the ISO C and C++ conformant name: _getch. See online help for details.
  c:\program files (x86)\windows kits\10\include\10.0.17763.0\ucrt\conio.h(453): note: 'getch' 선언을 참조하십시오.
c:\users\data\desktop\c언어\tetris\tetris\tetris.c(555): warning C4996: 'getch': The POSIX name for this item is deprecated. Instead, use the ISO C and C++ conformant name: _getch. See online help for details.
  c:\program files (x86)\windows kits\10\include\10.0.17763.0\ucrt\conio.h(453): note: 'getch' 선언을 참조하십시오.
c:\users\data\desktop\c언어\tetris\tetris\tetris.c(165): warning C4716: 'setX': 값을 반환해야 합니다.
c:\users\data\desktop\c언어\tetris\tetris\tetris.c(169): warning C4716: 'setY': 값을 반환해야 합니다.
  Tetris.vcxproj -> C:\Users\Data\Desktop\C언어\Tetris\x64\Debug\Tetris.exe
